[[1;34mINFO[m] Scanning for projects...
[[1;34mINFO[m] 
[[1;34mINFO[m] [1m-------------------------< [0;36mtraining:employees[0;1m >-------------------------[m
[[1;34mINFO[m] [1mBuilding employees 1.0.0[m
[[1;34mINFO[m] [1m--------------------------------[ jar ]---------------------------------[m
[[1;34mINFO[m] 
[[1;34mINFO[m] [1m--- [0;32mmaven-dependency-plugin:3.3.0:tree[m [1m(default-cli)[m @ [36memployees[0;1m ---[m
[[1;34mINFO[m] training:employees:jar:1.0.0
[[1;34mINFO[m] +- org.springframework.boot:spring-boot-starter-web:jar:3.0.6:compile
[[1;34mINFO[m] |  +- org.springframework.boot:spring-boot-starter:jar:3.0.6:compile
[[1;34mINFO[m] |  |  +- org.springframework.boot:spring-boot-starter-logging:jar:3.0.6:compile
[[1;34mINFO[m] |  |  |  +- ch.qos.logback:logback-classic:jar:1.4.7:compile
[[1;34mINFO[m] |  |  |  |  \- ch.qos.logback:logback-core:jar:1.4.7:compile
[[1;34mINFO[m] |  |  |  +- org.apache.logging.log4j:log4j-to-slf4j:jar:2.19.0:compile
[[1;34mINFO[m] |  |  |  |  \- org.apache.logging.log4j:log4j-api:jar:2.19.0:compile
[[1;34mINFO[m] |  |  |  \- org.slf4j:jul-to-slf4j:jar:2.0.7:compile
[[1;34mINFO[m] |  |  \- jakarta.annotation:jakarta.annotation-api:jar:2.1.1:compile
[[1;34mINFO[m] |  +- org.springframework.boot:spring-boot-starter-json:jar:3.0.6:compile
[[1;34mINFO[m] |  |  +- com.fasterxml.jackson.core:jackson-databind:jar:2.14.2:compile
[[1;34mINFO[m] |  |  |  +- com.fasterxml.jackson.core:jackson-annotations:jar:2.14.2:compile
[[1;34mINFO[m] |  |  |  \- com.fasterxml.jackson.core:jackson-core:jar:2.14.2:compile
[[1;34mINFO[m] |  |  +- com.fasterxml.jackson.datatype:jackson-datatype-jdk8:jar:2.14.2:compile
[[1;34mINFO[m] |  |  +- com.fasterxml.jackson.datatype:jackson-datatype-jsr310:jar:2.14.2:compile
[[1;34mINFO[m] |  |  \- com.fasterxml.jackson.module:jackson-module-parameter-names:jar:2.14.2:compile
[[1;34mINFO[m] |  +- org.springframework.boot:spring-boot-starter-tomcat:jar:3.0.6:compile
[[1;34mINFO[m] |  |  +- org.apache.tomcat.embed:tomcat-embed-core:jar:10.1.8:compile
[[1;34mINFO[m] |  |  \- org.apache.tomcat.embed:tomcat-embed-websocket:jar:10.1.8:compile
[[1;34mINFO[m] |  +- org.springframework:spring-web:jar:6.0.8:compile
[[1;34mINFO[m] |  |  \- org.springframework:spring-beans:jar:6.0.8:compile
[[1;34mINFO[m] |  \- org.springframework:spring-webmvc:jar:6.0.8:compile
[[1;34mINFO[m] |     +- org.springframework:spring-aop:jar:6.0.8:compile
[[1;34mINFO[m] |     +- org.springframework:spring-context:jar:6.0.8:compile
[[1;34mINFO[m] |     \- org.springframework:spring-expression:jar:6.0.8:compile
[[1;34mINFO[m] +- org.springframework.boot:spring-boot-starter-thymeleaf:jar:3.0.6:compile
[[1;34mINFO[m] |  \- org.thymeleaf:thymeleaf-spring6:jar:3.1.1.RELEASE:compile
[[1;34mINFO[m] |     +- org.thymeleaf:thymeleaf:jar:3.1.1.RELEASE:compile
[[1;34mINFO[m] |     |  +- org.attoparser:attoparser:jar:2.0.6.RELEASE:compile
[[1;34mINFO[m] |     |  \- org.unbescape:unbescape:jar:1.1.6.RELEASE:compile
[[1;34mINFO[m] |     \- org.slf4j:slf4j-api:jar:2.0.7:compile
[[1;34mINFO[m] +- org.springframework.boot:spring-boot-starter-validation:jar:3.0.6:compile
[[1;34mINFO[m] |  +- org.apache.tomcat.embed:tomcat-embed-el:jar:10.1.8:compile
[[1;34mINFO[m] |  \- org.hibernate.validator:hibernate-validator:jar:8.0.0.Final:compile
[[1;34mINFO[m] |     +- jakarta.validation:jakarta.validation-api:jar:3.0.2:compile
[[1;34mINFO[m] |     +- org.jboss.logging:jboss-logging:jar:3.5.0.Final:compile
[[1;34mINFO[m] |     \- com.fasterxml:classmate:jar:1.5.1:compile
[[1;34mINFO[m] +- org.springframework.boot:spring-boot-starter-data-jpa:jar:3.0.6:compile
[[1;34mINFO[m] |  +- org.springframework.boot:spring-boot-starter-aop:jar:3.0.6:compile
[[1;34mINFO[m] |  |  \- org.aspectj:aspectjweaver:jar:1.9.19:compile
[[1;34mINFO[m] |  +- org.springframework.boot:spring-boot-starter-jdbc:jar:3.0.6:compile
[[1;34mINFO[m] |  |  +- com.zaxxer:HikariCP:jar:5.0.1:compile
[[1;34mINFO[m] |  |  \- org.springframework:spring-jdbc:jar:6.0.8:compile
[[1;34mINFO[m] |  +- org.hibernate.orm:hibernate-core:jar:6.1.7.Final:compile
[[1;34mINFO[m] |  |  +- jakarta.persistence:jakarta.persistence-api:jar:3.1.0:compile
[[1;34mINFO[m] |  |  +- jakarta.transaction:jakarta.transaction-api:jar:2.0.1:compile
[[1;34mINFO[m] |  |  +- org.hibernate.common:hibernate-commons-annotations:jar:6.0.6.Final:runtime
[[1;34mINFO[m] |  |  +- org.jboss:jandex:jar:2.4.2.Final:runtime
[[1;34mINFO[m] |  |  +- net.bytebuddy:byte-buddy:jar:1.12.23:runtime
[[1;34mINFO[m] |  |  +- org.glassfish.jaxb:jaxb-runtime:jar:4.0.2:runtime
[[1;34mINFO[m] |  |  |  \- org.glassfish.jaxb:jaxb-core:jar:4.0.2:runtime
[[1;34mINFO[m] |  |  |     +- org.eclipse.angus:angus-activation:jar:2.0.0:runtime
[[1;34mINFO[m] |  |  |     +- org.glassfish.jaxb:txw2:jar:4.0.2:runtime
[[1;34mINFO[m] |  |  |     \- com.sun.istack:istack-commons-runtime:jar:4.1.1:runtime
[[1;34mINFO[m] |  |  +- jakarta.inject:jakarta.inject-api:jar:2.0.0:runtime
[[1;34mINFO[m] |  |  \- org.antlr:antlr4-runtime:jar:4.10.1:runtime
[[1;34mINFO[m] |  +- org.springframework.data:spring-data-jpa:jar:3.0.5:compile
[[1;34mINFO[m] |  |  +- org.springframework.data:spring-data-commons:jar:3.0.5:compile
[[1;34mINFO[m] |  |  +- org.springframework:spring-orm:jar:6.0.8:compile
[[1;34mINFO[m] |  |  \- org.springframework:spring-tx:jar:6.0.8:compile
[[1;34mINFO[m] |  \- org.springframework:spring-aspects:jar:6.0.8:compile
[[1;34mINFO[m] +- org.springframework.boot:spring-boot-starter-actuator:jar:3.0.6:compile
[[1;34mINFO[m] |  +- org.springframework.boot:spring-boot-actuator-autoconfigure:jar:3.0.6:compile
[[1;34mINFO[m] |  |  \- org.springframework.boot:spring-boot-actuator:jar:3.0.6:compile
[[1;34mINFO[m] |  +- io.micrometer:micrometer-observation:jar:1.10.6:compile
[[1;34mINFO[m] |  |  \- io.micrometer:micrometer-commons:jar:1.10.6:compile
[[1;34mINFO[m] |  \- io.micrometer:micrometer-core:jar:1.10.6:compile
[[1;34mINFO[m] |     +- org.hdrhistogram:HdrHistogram:jar:2.1.12:runtime
[[1;34mINFO[m] |     \- org.latencyutils:LatencyUtils:jar:2.0.3:runtime
[[1;34mINFO[m] +- org.liquibase:liquibase-core:jar:4.17.2:compile
[[1;34mINFO[m] |  +- javax.xml.bind:jaxb-api:jar:2.3.1:compile
[[1;34mINFO[m] |  |  \- javax.activation:javax.activation-api:jar:1.2.0:compile
[[1;34mINFO[m] |  +- org.yaml:snakeyaml:jar:1.33:compile
[[1;34mINFO[m] |  \- com.opencsv:opencsv:jar:5.7.1:compile
[[1;34mINFO[m] |     +- org.apache.commons:commons-lang3:jar:3.12.0:compile
[[1;34mINFO[m] |     +- org.apache.commons:commons-text:jar:1.10.0:compile
[[1;34mINFO[m] |     \- org.apache.commons:commons-collections4:jar:4.4:compile
[[1;34mINFO[m] +- org.projectlombok:lombok:jar:1.18.26:compile
[[1;34mINFO[m] +- org.mapstruct:mapstruct:jar:1.5.5.Final:compile
[[1;34mINFO[m] +- org.springdoc:springdoc-openapi-starter-webmvc-ui:jar:2.1.0:compile
[[1;34mINFO[m] |  +- org.springdoc:springdoc-openapi-starter-webmvc-api:jar:2.1.0:compile
[[1;34mINFO[m] |  |  \- org.springdoc:springdoc-openapi-starter-common:jar:2.1.0:compile
[[1;34mINFO[m] |  |     \- io.swagger.core.v3:swagger-core-jakarta:jar:2.2.9:compile
[[1;34mINFO[m] |  |        +- io.swagger.core.v3:swagger-annotations-jakarta:jar:2.2.9:compile
[[1;34mINFO[m] |  |        +- io.swagger.core.v3:swagger-models-jakarta:jar:2.2.9:compile
[[1;34mINFO[m] |  |        \- com.fasterxml.jackson.dataformat:jackson-dataformat-yaml:jar:2.14.2:compile
[[1;34mINFO[m] |  \- org.webjars:swagger-ui:jar:4.18.2:compile
[[1;34mINFO[m] +- com.h2database:h2:jar:2.1.214:compile
[[1;34mINFO[m] +- org.mariadb.jdbc:mariadb-java-client:jar:3.0.10:compile
[[1;34mINFO[m] +- org.springframework.boot:spring-boot-devtools:jar:3.0.6:compile
[[1;34mINFO[m] |  +- org.springframework.boot:spring-boot:jar:3.0.6:compile
[[1;34mINFO[m] |  \- org.springframework.boot:spring-boot-autoconfigure:jar:3.0.6:compile
[[1;34mINFO[m] +- org.springframework.boot:spring-boot-starter-test:jar:3.0.6:test
[[1;34mINFO[m] |  +- org.springframework.boot:spring-boot-test:jar:3.0.6:test
[[1;34mINFO[m] |  +- org.springframework.boot:spring-boot-test-autoconfigure:jar:3.0.6:test
[[1;34mINFO[m] |  +- com.jayway.jsonpath:json-path:jar:2.7.0:test
[[1;34mINFO[m] |  |  \- net.minidev:json-smart:jar:2.4.10:test
[[1;34mINFO[m] |  |     \- net.minidev:accessors-smart:jar:2.4.9:test
[[1;34mINFO[m] |  |        \- org.ow2.asm:asm:jar:9.3:test
[[1;34mINFO[m] |  +- jakarta.xml.bind:jakarta.xml.bind-api:jar:4.0.0:compile
[[1;34mINFO[m] |  |  \- jakarta.activation:jakarta.activation-api:jar:2.1.1:compile
[[1;34mINFO[m] |  +- org.assertj:assertj-core:jar:3.23.1:test
[[1;34mINFO[m] |  +- org.hamcrest:hamcrest:jar:2.2:test
[[1;34mINFO[m] |  +- org.junit.jupiter:junit-jupiter:jar:5.9.2:test
[[1;34mINFO[m] |  |  +- org.junit.jupiter:junit-jupiter-api:jar:5.9.2:test
[[1;34mINFO[m] |  |  |  +- org.opentest4j:opentest4j:jar:1.2.0:test
[[1;34mINFO[m] |  |  |  +- org.junit.platform:junit-platform-commons:jar:1.9.2:test
[[1;34mINFO[m] |  |  |  \- org.apiguardian:apiguardian-api:jar:1.1.2:test
[[1;34mINFO[m] |  |  +- org.junit.jupiter:junit-jupiter-params:jar:5.9.2:test
[[1;34mINFO[m] |  |  \- org.junit.jupiter:junit-jupiter-engine:jar:5.9.2:test
[[1;34mINFO[m] |  |     \- org.junit.platform:junit-platform-engine:jar:1.9.2:test
[[1;34mINFO[m] |  +- org.mockito:mockito-core:jar:4.8.1:test
[[1;34mINFO[m] |  |  +- net.bytebuddy:byte-buddy-agent:jar:1.12.23:test
[[1;34mINFO[m] |  |  \- org.objenesis:objenesis:jar:3.2:test
[[1;34mINFO[m] |  +- org.mockito:mockito-junit-jupiter:jar:4.8.1:test
[[1;34mINFO[m] |  +- org.skyscreamer:jsonassert:jar:1.5.1:test
[[1;34mINFO[m] |  |  \- com.vaadin.external.google:android-json:jar:0.0.20131108.vaadin1:test
[[1;34mINFO[m] |  +- org.springframework:spring-core:jar:6.0.8:compile
[[1;34mINFO[m] |  |  \- org.springframework:spring-jcl:jar:6.0.8:compile
[[1;34mINFO[m] |  +- org.springframework:spring-test:jar:6.0.8:test
[[1;34mINFO[m] |  \- org.xmlunit:xmlunit-core:jar:2.9.1:test
[[1;34mINFO[m] \- org.springframework.boot:spring-boot-starter-webflux:jar:3.0.6:test
[[1;34mINFO[m]    +- org.springframework.boot:spring-boot-starter-reactor-netty:jar:3.0.6:test
[[1;34mINFO[m]    |  \- io.projectreactor.netty:reactor-netty-http:jar:1.1.6:test
[[1;34mINFO[m]    |     +- io.netty:netty-codec-http:jar:4.1.91.Final:test
[[1;34mINFO[m]    |     |  +- io.netty:netty-common:jar:4.1.91.Final:test
[[1;34mINFO[m]    |     |  +- io.netty:netty-buffer:jar:4.1.91.Final:test
[[1;34mINFO[m]    |     |  +- io.netty:netty-transport:jar:4.1.91.Final:test
[[1;34mINFO[m]    |     |  +- io.netty:netty-codec:jar:4.1.91.Final:test
[[1;34mINFO[m]    |     |  \- io.netty:netty-handler:jar:4.1.91.Final:test
[[1;34mINFO[m]    |     +- io.netty:netty-codec-http2:jar:4.1.91.Final:test
[[1;34mINFO[m]    |     +- io.netty:netty-resolver-dns:jar:4.1.91.Final:test
[[1;34mINFO[m]    |     |  +- io.netty:netty-resolver:jar:4.1.91.Final:test
[[1;34mINFO[m]    |     |  \- io.netty:netty-codec-dns:jar:4.1.91.Final:test
[[1;34mINFO[m]    |     +- io.netty:netty-resolver-dns-native-macos:jar:osx-x86_64:4.1.91.Final:test
[[1;34mINFO[m]    |     |  \- io.netty:netty-resolver-dns-classes-macos:jar:4.1.91.Final:test
[[1;34mINFO[m]    |     +- io.netty:netty-transport-native-epoll:jar:linux-x86_64:4.1.91.Final:test
[[1;34mINFO[m]    |     |  +- io.netty:netty-transport-native-unix-common:jar:4.1.91.Final:test
[[1;34mINFO[m]    |     |  \- io.netty:netty-transport-classes-epoll:jar:4.1.91.Final:test
[[1;34mINFO[m]    |     \- io.projectreactor.netty:reactor-netty-core:jar:1.1.6:test
[[1;34mINFO[m]    |        \- io.netty:netty-handler-proxy:jar:4.1.91.Final:test
[[1;34mINFO[m]    |           \- io.netty:netty-codec-socks:jar:4.1.91.Final:test
[[1;34mINFO[m]    \- org.springframework:spring-webflux:jar:6.0.8:test
[[1;34mINFO[m]       \- io.projectreactor:reactor-core:jar:3.5.5:test
[[1;34mINFO[m]          \- org.reactivestreams:reactive-streams:jar:1.0.4:test
[[1;34mINFO[m] [1m------------------------------------------------------------------------[m
[[1;34mINFO[m] [1;32mBUILD SUCCESS[m
[[1;34mINFO[m] [1m------------------------------------------------------------------------[m
[[1;34mINFO[m] Total time:  0.513 s
[[1;34mINFO[m] Finished at: 2023-11-20T11:59:21+01:00
[[1;34mINFO[m] [1m------------------------------------------------------------------------[m
